{"/home/pac/codes/vue2-ecommerce/src/App.vue": {"path":"/home/pac/codes/vue2-ecommerce/src/App.vue","statementMap":{"0":{"start":{"line":1,"column":0},"end":{"line":1,"column":null}}},"fnMap":{"0":{"name":"(anonymous_0)","decl":{"start":{"line":1,"column":0},"end":{"line":1,"column":null}},"loc":{"start":{"line":1,"column":0},"end":{"line":1,"column":null}}}},"branchMap":{},"s":{"0":0},"f":{"0":0},"b":{}}
,"/home/pac/codes/vue2-ecommerce/src/assets/ball.js": {"path":"/home/pac/codes/vue2-ecommerce/src/assets/ball.js","statementMap":{"0":{"start":{"line":2,"column":11},"end":{"line":2,"column":13}},"1":{"start":{"line":5,"column":10},"end":{"line":5,"column":12}},"2":{"start":{"line":8,"column":1},"end":{"line":8,"column":26}},"3":{"start":{"line":9,"column":1},"end":{"line":9,"column":26}},"4":{"start":{"line":10,"column":1},"end":{"line":10,"column":21}},"5":{"start":{"line":11,"column":1},"end":{"line":11,"column":42}},"6":{"start":{"line":12,"column":1},"end":{"line":12,"column":24}},"7":{"start":{"line":13,"column":1},"end":{"line":13,"column":24}},"8":{"start":{"line":16,"column":0},"end":{"line":19,"column":2}},"9":{"start":{"line":17,"column":1},"end":{"line":17,"column":12}},"10":{"start":{"line":18,"column":1},"end":{"line":18,"column":48}},"11":{"start":{"line":28,"column":0},"end":{"line":37,"column":2}},"12":{"start":{"line":29,"column":1},"end":{"line":31,"column":2}},"13":{"start":{"line":30,"column":2},"end":{"line":30,"column":29}},"14":{"start":{"line":32,"column":1},"end":{"line":32,"column":31}},"15":{"start":{"line":33,"column":1},"end":{"line":35,"column":2}},"16":{"start":{"line":34,"column":2},"end":{"line":34,"column":29}},"17":{"start":{"line":36,"column":1},"end":{"line":36,"column":31}},"18":{"start":{"line":40,"column":1},"end":{"line":40,"column":17}},"19":{"start":{"line":41,"column":1},"end":{"line":41,"column":34}},"20":{"start":{"line":42,"column":1},"end":{"line":42,"column":23}},"21":{"start":{"line":43,"column":1},"end":{"line":43,"column":12}},"22":{"start":{"line":47,"column":1},"end":{"line":47,"column":38}},"23":{"start":{"line":51,"column":1},"end":{"line":55,"column":2}},"24":{"start":{"line":51,"column":14},"end":{"line":51,"column":15}},"25":{"start":{"line":52,"column":13},"end":{"line":52,"column":23}},"26":{"start":{"line":53,"column":2},"end":{"line":53,"column":17}},"27":{"start":{"line":54,"column":2},"end":{"line":54,"column":14}},"28":{"start":{"line":59,"column":1},"end":{"line":59,"column":12}},"29":{"start":{"line":60,"column":1},"end":{"line":60,"column":8}},"30":{"start":{"line":61,"column":1},"end":{"line":61,"column":8}}},"fnMap":{"0":{"name":"ball","decl":{"start":{"line":7,"column":9},"end":{"line":7,"column":13}},"loc":{"start":{"line":7,"column":16},"end":{"line":14,"column":1}},"line":7},"1":{"name":"(anonymous_1)","decl":{"start":{"line":16,"column":22},"end":{"line":16,"column":23}},"loc":{"start":{"line":16,"column":34},"end":{"line":19,"column":1}},"line":16},"2":{"name":"(anonymous_2)","decl":{"start":{"line":28,"column":21},"end":{"line":28,"column":22}},"loc":{"start":{"line":28,"column":33},"end":{"line":37,"column":1}},"line":28},"3":{"name":"drawCircle","decl":{"start":{"line":39,"column":9},"end":{"line":39,"column":19}},"loc":{"start":{"line":39,"column":36},"end":{"line":44,"column":1}},"line":39},"4":{"name":"r","decl":{"start":{"line":46,"column":9},"end":{"line":46,"column":10}},"loc":{"start":{"line":46,"column":16},"end":{"line":48,"column":1}},"line":46},"5":{"name":"start","decl":{"start":{"line":50,"column":9},"end":{"line":50,"column":14}},"loc":{"start":{"line":50,"column":17},"end":{"line":56,"column":1}},"line":50},"6":{"name":"init","decl":{"start":{"line":58,"column":9},"end":{"line":58,"column":13}},"loc":{"start":{"line":58,"column":28},"end":{"line":62,"column":1}},"line":58}},"branchMap":{"0":{"loc":{"start":{"line":29,"column":1},"end":{"line":31,"column":2}},"type":"if","locations":[{"start":{"line":29,"column":1},"end":{"line":31,"column":2}},{"start":{},"end":{}}],"line":29},"1":{"loc":{"start":{"line":29,"column":5},"end":{"line":29,"column":49}},"type":"binary-expr","locations":[{"start":{"line":29,"column":5},"end":{"line":29,"column":25}},{"start":{"line":29,"column":29},"end":{"line":29,"column":49}}],"line":29},"2":{"loc":{"start":{"line":33,"column":1},"end":{"line":35,"column":2}},"type":"if","locations":[{"start":{"line":33,"column":1},"end":{"line":35,"column":2}},{"start":{},"end":{}}],"line":33},"3":{"loc":{"start":{"line":33,"column":5},"end":{"line":33,"column":49}},"type":"binary-expr","locations":[{"start":{"line":33,"column":5},"end":{"line":33,"column":25}},{"start":{"line":33,"column":29},"end":{"line":33,"column":49}}],"line":33}},"s":{"0":1,"1":1,"2":0,"3":0,"4":0,"5":0,"6":0,"7":0,"8":1,"9":0,"10":0,"11":1,"12":0,"13":0,"14":0,"15":0,"16":0,"17":0,"18":0,"19":0,"20":0,"21":0,"22":0,"23":0,"24":0,"25":0,"26":0,"27":0,"28":0,"29":0,"30":0},"f":{"0":0,"1":0,"2":0,"3":0,"4":0,"5":0,"6":0},"b":{"0":[0,0],"1":[0,0],"2":[0,0],"3":[0,0]},"_coverageSchema":"1a1c01bbd47fc00a2c39e90264f33305004495a9","hash":"19140aadb98bf5c2b62f826d9d11c66e2a8d8801"}
,"/home/pac/codes/vue2-ecommerce/src/assets/shoes.js": {"path":"/home/pac/codes/vue2-ecommerce/src/assets/shoes.js","statementMap":{"0":{"start":{"line":1,"column":14},"end":{"line":448,"column":1}}},"fnMap":{},"branchMap":{},"s":{"0":2},"f":{},"b":{},"_coverageSchema":"1a1c01bbd47fc00a2c39e90264f33305004495a9","hash":"33763745104619b53bbc33d63b61fd0d69e6c274"}
,"/home/pac/codes/vue2-ecommerce/src/components/LalaPart.vue": {"path":"/home/pac/codes/vue2-ecommerce/src/components/LalaPart.vue","statementMap":{"0":{"start":{"line":1,"column":0},"end":{"line":1,"column":null}}},"fnMap":{"0":{"name":"(anonymous_0)","decl":{"start":{"line":1,"column":0},"end":{"line":1,"column":null}},"loc":{"start":{"line":1,"column":0},"end":{"line":1,"column":null}}}},"branchMap":{},"s":{"0":3},"f":{"0":0},"b":{}}
,"/home/pac/codes/vue2-ecommerce/src/components/bulbPart.vue": {"path":"/home/pac/codes/vue2-ecommerce/src/components/bulbPart.vue","statementMap":{"0":{"start":{"line":1,"column":0},"end":{"line":1,"column":null}}},"fnMap":{"0":{"name":"(anonymous_5)","decl":{"start":{"line":1,"column":0},"end":{"line":1,"column":null}},"loc":{"start":{"line":1,"column":0},"end":{"line":1,"column":null}}}},"branchMap":{},"s":{"0":3},"f":{"0":0},"b":{}}
,"/home/pac/codes/vue2-ecommerce/src/components/carts/CartCard.vue": {"path":"/home/pac/codes/vue2-ecommerce/src/components/carts/CartCard.vue","statementMap":{"0":{"start":{"line":1,"column":0},"end":{"line":1,"column":null}}},"fnMap":{"0":{"name":"(anonymous_0)","decl":{"start":{"line":1,"column":0},"end":{"line":1,"column":null}},"loc":{"start":{"line":1,"column":0},"end":{"line":1,"column":null}}}},"branchMap":{},"s":{"0":0},"f":{"0":0},"b":{}}
,"/home/pac/codes/vue2-ecommerce/src/components/carts/CartView.vue": {"path":"/home/pac/codes/vue2-ecommerce/src/components/carts/CartView.vue","statementMap":{"0":{"start":{"line":1,"column":0},"end":{"line":1,"column":null}}},"fnMap":{"0":{"name":"(anonymous_0)","decl":{"start":{"line":1,"column":0},"end":{"line":1,"column":null}},"loc":{"start":{"line":1,"column":0},"end":{"line":1,"column":null}}}},"branchMap":{"0":{"loc":{"start":{"line":1,"column":0},"end":{"line":1,"column":null}},"type":"cond-expr","locations":[{"start":{"line":1,"column":0},"end":{"line":1,"column":null}},{"start":{"line":1,"column":0},"end":{"line":1,"column":null}}]}},"s":{"0":3},"f":{"0":0},"b":{"0":[0,0]}}
,"/home/pac/codes/vue2-ecommerce/src/components/checkout/CheckOutHaha.vue": {"path":"/home/pac/codes/vue2-ecommerce/src/components/checkout/CheckOutHaha.vue","statementMap":{"0":{"start":{"line":1,"column":0},"end":{"line":1,"column":null}}},"fnMap":{"0":{"name":"(anonymous_1)","decl":{"start":{"line":1,"column":0},"end":{"line":1,"column":null}},"loc":{"start":{"line":1,"column":0},"end":{"line":1,"column":null}}}},"branchMap":{},"s":{"0":0},"f":{"0":0},"b":{}}
,"/home/pac/codes/vue2-ecommerce/src/components/home/HomeView.vue": {"path":"/home/pac/codes/vue2-ecommerce/src/components/home/HomeView.vue","statementMap":{"0":{"start":{"line":1,"column":0},"end":{"line":1,"column":null}}},"fnMap":{"0":{"name":"(anonymous_0)","decl":{"start":{"line":1,"column":0},"end":{"line":1,"column":null}},"loc":{"start":{"line":1,"column":0},"end":{"line":1,"column":null}}}},"branchMap":{},"s":{"0":0},"f":{"0":0},"b":{}}
,"/home/pac/codes/vue2-ecommerce/src/components/main/FooterPart.vue": {"path":"/home/pac/codes/vue2-ecommerce/src/components/main/FooterPart.vue","statementMap":{"0":{"start":{"line":1,"column":0},"end":{"line":1,"column":null}}},"fnMap":{"0":{"name":"(anonymous_0)","decl":{"start":{"line":1,"column":0},"end":{"line":1,"column":null}},"loc":{"start":{"line":1,"column":0},"end":{"line":1,"column":null}}}},"branchMap":{},"s":{"0":0},"f":{"0":0},"b":{}}
,"/home/pac/codes/vue2-ecommerce/src/components/main/HeaderPart.vue": {"path":"/home/pac/codes/vue2-ecommerce/src/components/main/HeaderPart.vue","statementMap":{"0":{"start":{"line":1,"column":0},"end":{"line":1,"column":null}}},"fnMap":{"0":{"name":"(anonymous_0)","decl":{"start":{"line":1,"column":0},"end":{"line":1,"column":null}},"loc":{"start":{"line":1,"column":0},"end":{"line":1,"column":null}}}},"branchMap":{},"s":{"0":3},"f":{"0":0},"b":{}}
,"/home/pac/codes/vue2-ecommerce/src/components/products/CarouselPart.vue": {"path":"/home/pac/codes/vue2-ecommerce/src/components/products/CarouselPart.vue","statementMap":{"0":{"start":{"line":1,"column":0},"end":{"line":1,"column":null}}},"fnMap":{"0":{"name":"(anonymous_4)","decl":{"start":{"line":1,"column":0},"end":{"line":1,"column":null}},"loc":{"start":{"line":1,"column":0},"end":{"line":1,"column":null}}}},"branchMap":{},"s":{"0":0},"f":{"0":0},"b":{}}
,"/home/pac/codes/vue2-ecommerce/src/components/products/ImageContainer.vue": {"path":"/home/pac/codes/vue2-ecommerce/src/components/products/ImageContainer.vue","statementMap":{"0":{"start":{"line":1,"column":0},"end":{"line":1,"column":null}}},"fnMap":{"0":{"name":"(anonymous_1)","decl":{"start":{"line":1,"column":0},"end":{"line":1,"column":null}},"loc":{"start":{"line":1,"column":0},"end":{"line":1,"column":null}}}},"branchMap":{},"s":{"0":0},"f":{"0":0},"b":{}}
,"/home/pac/codes/vue2-ecommerce/src/components/products/ProductCard.vue": {"path":"/home/pac/codes/vue2-ecommerce/src/components/products/ProductCard.vue","statementMap":{"0":{"start":{"line":1,"column":0},"end":{"line":1,"column":null}}},"fnMap":{"0":{"name":"(anonymous_0)","decl":{"start":{"line":1,"column":0},"end":{"line":1,"column":null}},"loc":{"start":{"line":1,"column":0},"end":{"line":1,"column":null}}}},"branchMap":{},"s":{"0":3},"f":{"0":0},"b":{}}
,"/home/pac/codes/vue2-ecommerce/src/components/products/ProductDetail.vue": {"path":"/home/pac/codes/vue2-ecommerce/src/components/products/ProductDetail.vue","statementMap":{"0":{"start":{"line":1,"column":0},"end":{"line":1,"column":null}}},"fnMap":{"0":{"name":"(anonymous_0)","decl":{"start":{"line":1,"column":0},"end":{"line":1,"column":null}},"loc":{"start":{"line":1,"column":0},"end":{"line":1,"column":null}}}},"branchMap":{},"s":{"0":3},"f":{"0":0},"b":{}}
,"/home/pac/codes/vue2-ecommerce/src/components/products/ProductList.vue": {"path":"/home/pac/codes/vue2-ecommerce/src/components/products/ProductList.vue","statementMap":{"0":{"start":{"line":1,"column":0},"end":{"line":1,"column":null}}},"fnMap":{"0":{"name":"(anonymous_0)","decl":{"start":{"line":1,"column":0},"end":{"line":1,"column":null}},"loc":{"start":{"line":1,"column":0},"end":{"line":1,"column":null}}}},"branchMap":{},"s":{"0":3},"f":{"0":0},"b":{}}
,"/home/pac/codes/vue2-ecommerce/src/router/index.js": {"path":"/home/pac/codes/vue2-ecommerce/src/router/index.js","statementMap":{"0":{"start":{"line":9,"column":0},"end":{"line":9,"column":19}},"1":{"start":{"line":10,"column":15},"end":{"line":54,"column":1}},"2":{"start":{"line":56,"column":15},"end":{"line":60,"column":2}}},"fnMap":{},"branchMap":{},"s":{"0":1,"1":1,"2":1},"f":{},"b":{},"_coverageSchema":"1a1c01bbd47fc00a2c39e90264f33305004495a9","hash":"11933da6f713173e82f40ebcccc55b21e765ef8c"}
,"/home/pac/codes/vue2-ecommerce/src/store/actions.js": {"path":"/home/pac/codes/vue2-ecommerce/src/store/actions.js","statementMap":{"0":{"start":{"line":4,"column":2},"end":{"line":4,"column":41}},"1":{"start":{"line":7,"column":2},"end":{"line":7,"column":43}},"2":{"start":{"line":10,"column":2},"end":{"line":10,"column":46}},"3":{"start":{"line":11,"column":2},"end":{"line":11,"column":39}},"4":{"start":{"line":14,"column":2},"end":{"line":14,"column":40}},"5":{"start":{"line":17,"column":2},"end":{"line":17,"column":42}},"6":{"start":{"line":21,"column":2},"end":{"line":21,"column":49}},"7":{"start":{"line":24,"column":2},"end":{"line":24,"column":50}}},"fnMap":{"0":{"name":"(anonymous_0)","decl":{"start":{"line":2,"column":1},"end":{"line":2,"column":2}},"loc":{"start":{"line":2,"column":31},"end":{"line":5,"column":2}},"line":2},"1":{"name":"(anonymous_1)","decl":{"start":{"line":6,"column":1},"end":{"line":6,"column":2}},"loc":{"start":{"line":6,"column":33},"end":{"line":8,"column":2}},"line":6},"2":{"name":"(anonymous_2)","decl":{"start":{"line":9,"column":1},"end":{"line":9,"column":2}},"loc":{"start":{"line":9,"column":29},"end":{"line":12,"column":2}},"line":9},"3":{"name":"(anonymous_3)","decl":{"start":{"line":13,"column":1},"end":{"line":13,"column":2}},"loc":{"start":{"line":13,"column":30},"end":{"line":15,"column":2}},"line":13},"4":{"name":"(anonymous_4)","decl":{"start":{"line":16,"column":1},"end":{"line":16,"column":2}},"loc":{"start":{"line":16,"column":32},"end":{"line":18,"column":2}},"line":16},"5":{"name":"(anonymous_5)","decl":{"start":{"line":20,"column":1},"end":{"line":20,"column":2}},"loc":{"start":{"line":20,"column":16},"end":{"line":22,"column":2}},"line":20},"6":{"name":"(anonymous_6)","decl":{"start":{"line":23,"column":1},"end":{"line":23,"column":2}},"loc":{"start":{"line":23,"column":17},"end":{"line":25,"column":2}},"line":23}},"branchMap":{},"s":{"0":0,"1":0,"2":0,"3":0,"4":0,"5":0,"6":0,"7":0},"f":{"0":0,"1":0,"2":0,"3":0,"4":0,"5":0,"6":0},"b":{},"_coverageSchema":"1a1c01bbd47fc00a2c39e90264f33305004495a9","hash":"c88ba855addfa7bdf93c2eddd867b0915cf2c84b"}
,"/home/pac/codes/vue2-ecommerce/src/store/getters.js": {"path":"/home/pac/codes/vue2-ecommerce/src/store/getters.js","statementMap":{"0":{"start":{"line":3,"column":2},"end":{"line":7,"column":8}},"1":{"start":{"line":6,"column":3},"end":{"line":6,"column":30}},"2":{"start":{"line":14,"column":2},"end":{"line":14,"column":34}},"3":{"start":{"line":17,"column":2},"end":{"line":17,"column":38}},"4":{"start":{"line":18,"column":14},"end":{"line":22,"column":14}},"5":{"start":{"line":20,"column":4},"end":{"line":20,"column":47}},"6":{"start":{"line":25,"column":2},"end":{"line":25,"column":13}},"7":{"start":{"line":28,"column":2},"end":{"line":28,"column":27}},"8":{"start":{"line":32,"column":16},"end":{"line":34,"column":4}},"9":{"start":{"line":33,"column":3},"end":{"line":33,"column":32}},"10":{"start":{"line":35,"column":2},"end":{"line":35,"column":37}},"11":{"start":{"line":37,"column":12},"end":{"line":37,"column":13}},"12":{"start":{"line":38,"column":2},"end":{"line":42,"column":3}},"13":{"start":{"line":39,"column":3},"end":{"line":39,"column":40}},"14":{"start":{"line":41,"column":3},"end":{"line":41,"column":11}},"15":{"start":{"line":43,"column":2},"end":{"line":43,"column":13}},"16":{"start":{"line":47,"column":2},"end":{"line":47,"column":26}},"17":{"start":{"line":51,"column":2},"end":{"line":51,"column":28}},"18":{"start":{"line":54,"column":2},"end":{"line":54,"column":30}}},"fnMap":{"0":{"name":"(anonymous_0)","decl":{"start":{"line":2,"column":1},"end":{"line":2,"column":2}},"loc":{"start":{"line":2,"column":22},"end":{"line":10,"column":2}},"line":2},"1":{"name":"(anonymous_1)","decl":{"start":{"line":3,"column":34},"end":{"line":3,"column":35}},"loc":{"start":{"line":3,"column":52},"end":{"line":7,"column":3}},"line":3},"2":{"name":"(anonymous_2)","decl":{"start":{"line":13,"column":1},"end":{"line":13,"column":2}},"loc":{"start":{"line":13,"column":25},"end":{"line":15,"column":2}},"line":13},"3":{"name":"(anonymous_3)","decl":{"start":{"line":16,"column":1},"end":{"line":16,"column":2}},"loc":{"start":{"line":16,"column":20},"end":{"line":26,"column":2}},"line":16},"4":{"name":"(anonymous_4)","decl":{"start":{"line":19,"column":11},"end":{"line":19,"column":12}},"loc":{"start":{"line":19,"column":29},"end":{"line":21,"column":4}},"line":19},"5":{"name":"(anonymous_5)","decl":{"start":{"line":27,"column":1},"end":{"line":27,"column":2}},"loc":{"start":{"line":27,"column":21},"end":{"line":29,"column":2}},"line":27},"6":{"name":"(anonymous_6)","decl":{"start":{"line":31,"column":1},"end":{"line":31,"column":2}},"loc":{"start":{"line":31,"column":28},"end":{"line":44,"column":2}},"line":31},"7":{"name":"(anonymous_7)","decl":{"start":{"line":32,"column":44},"end":{"line":32,"column":45}},"loc":{"start":{"line":32,"column":53},"end":{"line":34,"column":3}},"line":32},"8":{"name":"(anonymous_8)","decl":{"start":{"line":46,"column":1},"end":{"line":46,"column":2}},"loc":{"start":{"line":46,"column":19},"end":{"line":48,"column":2}},"line":46},"9":{"name":"(anonymous_9)","decl":{"start":{"line":49,"column":1},"end":{"line":49,"column":2}},"loc":{"start":{"line":49,"column":20},"end":{"line":52,"column":2}},"line":49},"10":{"name":"(anonymous_10)","decl":{"start":{"line":53,"column":1},"end":{"line":53,"column":2}},"loc":{"start":{"line":53,"column":26},"end":{"line":55,"column":2}},"line":53}},"branchMap":{"0":{"loc":{"start":{"line":38,"column":2},"end":{"line":42,"column":3}},"type":"if","locations":[{"start":{"line":38,"column":2},"end":{"line":42,"column":3}},{"start":{"line":40,"column":9},"end":{"line":42,"column":3}}],"line":38}},"s":{"0":3,"1":2,"2":3,"3":0,"4":0,"5":0,"6":0,"7":0,"8":0,"9":0,"10":0,"11":0,"12":0,"13":0,"14":0,"15":0,"16":0,"17":1,"18":0},"f":{"0":3,"1":2,"2":3,"3":0,"4":0,"5":0,"6":0,"7":0,"8":0,"9":1,"10":0},"b":{"0":[0,0]},"_coverageSchema":"1a1c01bbd47fc00a2c39e90264f33305004495a9","hash":"ef32e634de9447b64125dfc5166b4eb780d40927"}
,"/home/pac/codes/vue2-ecommerce/src/store/index.js": {"path":"/home/pac/codes/vue2-ecommerce/src/store/index.js","statementMap":{"0":{"start":{"line":8,"column":0},"end":{"line":8,"column":14}},"1":{"start":{"line":12,"column":2},"end":{"line":19,"column":4}}},"fnMap":{"0":{"name":"(anonymous_0)","decl":{"start":{"line":11,"column":1},"end":{"line":11,"column":2}},"loc":{"start":{"line":11,"column":9},"end":{"line":20,"column":2}},"line":11}},"branchMap":{},"s":{"0":1,"1":1},"f":{"0":1},"b":{},"_coverageSchema":"1a1c01bbd47fc00a2c39e90264f33305004495a9","hash":"532bc1757028355a8a8d49ff9b43409d98a41b05"}
,"/home/pac/codes/vue2-ecommerce/src/store/mutations.js": {"path":"/home/pac/codes/vue2-ecommerce/src/store/mutations.js","statementMap":{"0":{"start":{"line":4,"column":18},"end":{"line":4,"column":31}},"1":{"start":{"line":8,"column":2},"end":{"line":8,"column":25}},"2":{"start":{"line":11,"column":2},"end":{"line":11,"column":33}},"3":{"start":{"line":14,"column":2},"end":{"line":14,"column":57}},"4":{"start":{"line":15,"column":2},"end":{"line":35,"column":5}},"5":{"start":{"line":16,"column":14},"end":{"line":16,"column":30}},"6":{"start":{"line":18,"column":22},"end":{"line":18,"column":58}},"7":{"start":{"line":29,"column":18},"end":{"line":29,"column":63}},"8":{"start":{"line":29,"column":39},"end":{"line":29,"column":62}},"9":{"start":{"line":31,"column":3},"end":{"line":31,"column":46}},"10":{"start":{"line":34,"column":3},"end":{"line":34,"column":36}},"11":{"start":{"line":40,"column":2},"end":{"line":40,"column":31}},"12":{"start":{"line":44,"column":2},"end":{"line":44,"column":54}},"13":{"start":{"line":45,"column":19},"end":{"line":45,"column":42}},"14":{"start":{"line":47,"column":16},"end":{"line":49,"column":4}},"15":{"start":{"line":48,"column":3},"end":{"line":48,"column":32}},"16":{"start":{"line":54,"column":2},"end":{"line":54,"column":42}},"17":{"start":{"line":55,"column":2},"end":{"line":66,"column":3}},"18":{"start":{"line":57,"column":16},"end":{"line":57,"column":42}},"19":{"start":{"line":58,"column":3},"end":{"line":58,"column":25}},"20":{"start":{"line":59,"column":3},"end":{"line":59,"column":35}},"21":{"start":{"line":60,"column":3},"end":{"line":60,"column":61}},"22":{"start":{"line":61,"column":3},"end":{"line":61,"column":30}},"23":{"start":{"line":63,"column":3},"end":{"line":63,"column":21}},"24":{"start":{"line":65,"column":3},"end":{"line":65,"column":35}},"25":{"start":{"line":69,"column":13},"end":{"line":69,"column":20}},"26":{"start":{"line":71,"column":21},"end":{"line":71,"column":46}},"27":{"start":{"line":72,"column":13},"end":{"line":77,"column":3}},"28":{"start":{"line":79,"column":2},"end":{"line":85,"column":3}},"29":{"start":{"line":80,"column":3},"end":{"line":82,"column":50}},"30":{"start":{"line":82,"column":19},"end":{"line":82,"column":48}},"31":{"start":{"line":88,"column":2},"end":{"line":88,"column":55}},"32":{"start":{"line":89,"column":19},"end":{"line":89,"column":42}},"33":{"start":{"line":90,"column":16},"end":{"line":92,"column":4}},"34":{"start":{"line":91,"column":3},"end":{"line":91,"column":32}},"35":{"start":{"line":94,"column":2},"end":{"line":112,"column":3}},"36":{"start":{"line":95,"column":16},"end":{"line":95,"column":42}},"37":{"start":{"line":96,"column":3},"end":{"line":96,"column":25}},"38":{"start":{"line":97,"column":3},"end":{"line":97,"column":35}},"39":{"start":{"line":98,"column":3},"end":{"line":98,"column":61}},"40":{"start":{"line":99,"column":3},"end":{"line":99,"column":30}},"41":{"start":{"line":101,"column":3},"end":{"line":103,"column":4}},"42":{"start":{"line":102,"column":4},"end":{"line":102,"column":39}},"43":{"start":{"line":110,"column":3},"end":{"line":110,"column":38}},"44":{"start":{"line":115,"column":13},"end":{"line":115,"column":20}},"45":{"start":{"line":116,"column":21},"end":{"line":116,"column":72}},"46":{"start":{"line":117,"column":2},"end":{"line":121,"column":3}},"47":{"start":{"line":118,"column":3},"end":{"line":118,"column":33}},"48":{"start":{"line":120,"column":3},"end":{"line":120,"column":56}}},"fnMap":{"0":{"name":"(anonymous_0)","decl":{"start":{"line":7,"column":1},"end":{"line":7,"column":2}},"loc":{"start":{"line":7,"column":32},"end":{"line":9,"column":2}},"line":7},"1":{"name":"(anonymous_1)","decl":{"start":{"line":10,"column":1},"end":{"line":10,"column":2}},"loc":{"start":{"line":10,"column":30},"end":{"line":12,"column":2}},"line":10},"2":{"name":"(anonymous_2)","decl":{"start":{"line":13,"column":1},"end":{"line":13,"column":2}},"loc":{"start":{"line":13,"column":38},"end":{"line":36,"column":2}},"line":13},"3":{"name":"(anonymous_3)","decl":{"start":{"line":15,"column":31},"end":{"line":15,"column":32}},"loc":{"start":{"line":15,"column":44},"end":{"line":35,"column":3}},"line":15},"4":{"name":"(anonymous_4)","decl":{"start":{"line":29,"column":29},"end":{"line":29,"column":30}},"loc":{"start":{"line":29,"column":39},"end":{"line":29,"column":62}},"line":29},"5":{"name":"(anonymous_5)","decl":{"start":{"line":38,"column":1},"end":{"line":38,"column":2}},"loc":{"start":{"line":38,"column":29},"end":{"line":41,"column":2}},"line":38},"6":{"name":"(anonymous_6)","decl":{"start":{"line":43,"column":1},"end":{"line":43,"column":2}},"loc":{"start":{"line":43,"column":33},"end":{"line":86,"column":2}},"line":43},"7":{"name":"(anonymous_7)","decl":{"start":{"line":47,"column":44},"end":{"line":47,"column":45}},"loc":{"start":{"line":47,"column":53},"end":{"line":49,"column":3}},"line":47},"8":{"name":"(anonymous_8)","decl":{"start":{"line":82,"column":10},"end":{"line":82,"column":11}},"loc":{"start":{"line":82,"column":19},"end":{"line":82,"column":48}},"line":82},"9":{"name":"(anonymous_9)","decl":{"start":{"line":87,"column":1},"end":{"line":87,"column":2}},"loc":{"start":{"line":87,"column":34},"end":{"line":122,"column":2}},"line":87},"10":{"name":"(anonymous_10)","decl":{"start":{"line":90,"column":44},"end":{"line":90,"column":45}},"loc":{"start":{"line":90,"column":53},"end":{"line":92,"column":3}},"line":90}},"branchMap":{"0":{"loc":{"start":{"line":55,"column":2},"end":{"line":66,"column":3}},"type":"if","locations":[{"start":{"line":55,"column":2},"end":{"line":66,"column":3}},{"start":{"line":62,"column":9},"end":{"line":66,"column":3}}],"line":55},"1":{"loc":{"start":{"line":94,"column":2},"end":{"line":112,"column":3}},"type":"if","locations":[{"start":{"line":94,"column":2},"end":{"line":112,"column":3}},{"start":{"line":108,"column":9},"end":{"line":112,"column":3}}],"line":94},"2":{"loc":{"start":{"line":101,"column":3},"end":{"line":103,"column":4}},"type":"if","locations":[{"start":{"line":101,"column":3},"end":{"line":103,"column":4}},{"start":{},"end":{}}],"line":101}},"s":{"0":2,"1":1,"2":0,"3":0,"4":0,"5":0,"6":0,"7":0,"8":0,"9":0,"10":0,"11":0,"12":2,"13":2,"14":2,"15":1,"16":2,"17":2,"18":1,"19":1,"20":1,"21":1,"22":1,"23":1,"24":1,"25":2,"26":2,"27":2,"28":2,"29":2,"30":0,"31":0,"32":0,"33":0,"34":0,"35":0,"36":0,"37":0,"38":0,"39":0,"40":0,"41":0,"42":0,"43":0,"44":0,"45":0,"46":0,"47":0,"48":0},"f":{"0":1,"1":0,"2":0,"3":0,"4":0,"5":0,"6":2,"7":1,"8":0,"9":0,"10":0},"b":{"0":[1,1],"1":[0,0],"2":[0,0]},"_coverageSchema":"1a1c01bbd47fc00a2c39e90264f33305004495a9","hash":"0b7f25f3f3ecc252d44b4eac370258d743a5f1e6"}
,"/home/pac/codes/vue2-ecommerce/src/store/login/game.js": {"path":"/home/pac/codes/vue2-ecommerce/src/store/login/game.js","statementMap":{"0":{"start":{"line":1,"column":14},"end":{"line":5,"column":1}},"1":{"start":{"line":7,"column":18},"end":{"line":21,"column":1}},"2":{"start":{"line":9,"column":2},"end":{"line":9,"column":23}},"3":{"start":{"line":12,"column":2},"end":{"line":12,"column":23}},"4":{"start":{"line":15,"column":2},"end":{"line":15,"column":25}},"5":{"start":{"line":18,"column":2},"end":{"line":18,"column":24}},"6":{"start":{"line":19,"column":2},"end":{"line":19,"column":25}},"7":{"start":{"line":23,"column":16},"end":{"line":39,"column":1}},"8":{"start":{"line":41,"column":16},"end":{"line":43,"column":1}},"9":{"start":{"line":42,"column":24},"end":{"line":42,"column":45}},"10":{"start":{"line":45,"column":20},"end":{"line":51,"column":1}}},"fnMap":{"0":{"name":"(anonymous_0)","decl":{"start":{"line":8,"column":1},"end":{"line":8,"column":2}},"loc":{"start":{"line":8,"column":24},"end":{"line":10,"column":2}},"line":8},"1":{"name":"(anonymous_1)","decl":{"start":{"line":11,"column":1},"end":{"line":11,"column":2}},"loc":{"start":{"line":11,"column":24},"end":{"line":13,"column":2}},"line":11},"2":{"name":"(anonymous_2)","decl":{"start":{"line":14,"column":1},"end":{"line":14,"column":2}},"loc":{"start":{"line":14,"column":26},"end":{"line":16,"column":2}},"line":14},"3":{"name":"(anonymous_3)","decl":{"start":{"line":17,"column":1},"end":{"line":17,"column":2}},"loc":{"start":{"line":17,"column":24},"end":{"line":20,"column":2}},"line":17},"4":{"name":"(anonymous_4)","decl":{"start":{"line":42,"column":13},"end":{"line":42,"column":14}},"loc":{"start":{"line":42,"column":24},"end":{"line":42,"column":45}},"line":42}},"branchMap":{},"s":{"0":0,"1":0,"2":0,"3":0,"4":0,"5":0,"6":0,"7":0,"8":0,"9":0,"10":0},"f":{"0":0,"1":0,"2":0,"3":0,"4":0},"b":{}}
,"/home/pac/codes/vue2-ecommerce/src/utils/CommonMixin.js": {"path":"/home/pac/codes/vue2-ecommerce/src/utils/CommonMixin.js","statementMap":{"0":{"start":{"line":9,"column":20},"end":{"line":9,"column":24}},"1":{"start":{"line":10,"column":21},"end":{"line":19,"column":2}},"2":{"start":{"line":11,"column":2},"end":{"line":18,"column":3}},"3":{"start":{"line":12,"column":3},"end":{"line":12,"column":40}},"4":{"start":{"line":13,"column":14},"end":{"line":13,"column":31}},"5":{"start":{"line":14,"column":3},"end":{"line":14,"column":38}},"6":{"start":{"line":15,"column":3},"end":{"line":15,"column":19}},"7":{"start":{"line":17,"column":3},"end":{"line":17,"column":22}},"8":{"start":{"line":22,"column":1},"end":{"line":22,"column":31}}},"fnMap":{"0":{"name":"(anonymous_0)","decl":{"start":{"line":8,"column":15},"end":{"line":8,"column":16}},"loc":{"start":{"line":8,"column":27},"end":{"line":24,"column":1}},"line":8},"1":{"name":"(anonymous_1)","decl":{"start":{"line":10,"column":21},"end":{"line":10,"column":22}},"loc":{"start":{"line":10,"column":43},"end":{"line":19,"column":2}},"line":10}},"branchMap":{},"s":{"0":3,"1":3,"2":0,"3":0,"4":0,"5":0,"6":0,"7":0,"8":3},"f":{"0":3,"1":0},"b":{},"_coverageSchema":"1a1c01bbd47fc00a2c39e90264f33305004495a9","hash":"34ae9fba0c16325ba73a0ba1c95e869a59d998ef"}
}
