{"/home/pac/codes/vue2-ecommerce/src/App.vue": {"path":"/home/pac/codes/vue2-ecommerce/src/App.vue","statementMap":{"0":{"start":{"line":1,"column":0},"end":{"line":1,"column":null}}},"fnMap":{"0":{"name":"(anonymous_0)","decl":{"start":{"line":1,"column":0},"end":{"line":1,"column":null}},"loc":{"start":{"line":1,"column":0},"end":{"line":1,"column":null}}}},"branchMap":{},"s":{"0":0},"f":{"0":0},"b":{}}
,"/home/pac/codes/vue2-ecommerce/src/components/carts/CartCard.vue": {"path":"/home/pac/codes/vue2-ecommerce/src/components/carts/CartCard.vue","statementMap":{"0":{"start":{"line":1,"column":0},"end":{"line":1,"column":null}}},"fnMap":{"0":{"name":"(anonymous_0)","decl":{"start":{"line":1,"column":0},"end":{"line":1,"column":null}},"loc":{"start":{"line":1,"column":0},"end":{"line":1,"column":null}}}},"branchMap":{},"s":{"0":0},"f":{"0":0},"b":{}}
,"/home/pac/codes/vue2-ecommerce/src/components/carts/CartView.vue": {"path":"/home/pac/codes/vue2-ecommerce/src/components/carts/CartView.vue","statementMap":{"0":{"start":{"line":1,"column":0},"end":{"line":1,"column":null}}},"fnMap":{"0":{"name":"(anonymous_0)","decl":{"start":{"line":1,"column":0},"end":{"line":1,"column":null}},"loc":{"start":{"line":1,"column":0},"end":{"line":1,"column":null}}}},"branchMap":{"0":{"loc":{"start":{"line":1,"column":0},"end":{"line":1,"column":null}},"type":"cond-expr","locations":[{"start":{"line":1,"column":0},"end":{"line":1,"column":null}},{"start":{"line":1,"column":0},"end":{"line":1,"column":null}}]}},"s":{"0":3},"f":{"0":0},"b":{"0":[0,0]}}
,"/home/pac/codes/vue2-ecommerce/src/components/checkout/CheckOutHaha.vue": {"path":"/home/pac/codes/vue2-ecommerce/src/components/checkout/CheckOutHaha.vue","statementMap":{"0":{"start":{"line":1,"column":0},"end":{"line":1,"column":null}}},"fnMap":{"0":{"name":"(anonymous_1)","decl":{"start":{"line":1,"column":0},"end":{"line":1,"column":null}},"loc":{"start":{"line":1,"column":0},"end":{"line":1,"column":null}}}},"branchMap":{},"s":{"0":0},"f":{"0":0},"b":{}}
,"/home/pac/codes/vue2-ecommerce/src/components/home/HomeView.vue": {"path":"/home/pac/codes/vue2-ecommerce/src/components/home/HomeView.vue","statementMap":{"0":{"start":{"line":1,"column":0},"end":{"line":1,"column":null}}},"fnMap":{"0":{"name":"(anonymous_0)","decl":{"start":{"line":1,"column":0},"end":{"line":1,"column":null}},"loc":{"start":{"line":1,"column":0},"end":{"line":1,"column":null}}}},"branchMap":{},"s":{"0":0},"f":{"0":0},"b":{}}
,"/home/pac/codes/vue2-ecommerce/src/components/main/FooterPart.vue": {"path":"/home/pac/codes/vue2-ecommerce/src/components/main/FooterPart.vue","statementMap":{"0":{"start":{"line":1,"column":0},"end":{"line":1,"column":null}}},"fnMap":{"0":{"name":"(anonymous_0)","decl":{"start":{"line":1,"column":0},"end":{"line":1,"column":null}},"loc":{"start":{"line":1,"column":0},"end":{"line":1,"column":null}}}},"branchMap":{},"s":{"0":0},"f":{"0":0},"b":{}}
,"/home/pac/codes/vue2-ecommerce/src/components/main/HeaderPart.vue": {"path":"/home/pac/codes/vue2-ecommerce/src/components/main/HeaderPart.vue","statementMap":{"0":{"start":{"line":1,"column":0},"end":{"line":1,"column":null}}},"fnMap":{"0":{"name":"(anonymous_0)","decl":{"start":{"line":1,"column":0},"end":{"line":1,"column":null}},"loc":{"start":{"line":1,"column":0},"end":{"line":1,"column":null}}}},"branchMap":{},"s":{"0":3},"f":{"0":0},"b":{}}
,"/home/pac/codes/vue2-ecommerce/src/components/products/CarouselPart.vue": {"path":"/home/pac/codes/vue2-ecommerce/src/components/products/CarouselPart.vue","statementMap":{"0":{"start":{"line":1,"column":0},"end":{"line":1,"column":null}}},"fnMap":{"0":{"name":"(anonymous_4)","decl":{"start":{"line":1,"column":0},"end":{"line":1,"column":null}},"loc":{"start":{"line":1,"column":0},"end":{"line":1,"column":null}}}},"branchMap":{},"s":{"0":3},"f":{"0":0},"b":{}}
,"/home/pac/codes/vue2-ecommerce/src/components/products/ImageContainer.vue": {"path":"/home/pac/codes/vue2-ecommerce/src/components/products/ImageContainer.vue","statementMap":{"0":{"start":{"line":1,"column":0},"end":{"line":1,"column":null}}},"fnMap":{"0":{"name":"(anonymous_1)","decl":{"start":{"line":1,"column":0},"end":{"line":1,"column":null}},"loc":{"start":{"line":1,"column":0},"end":{"line":1,"column":null}}}},"branchMap":{},"s":{"0":3},"f":{"0":0},"b":{}}
,"/home/pac/codes/vue2-ecommerce/src/components/products/ProductCard.vue": {"path":"/home/pac/codes/vue2-ecommerce/src/components/products/ProductCard.vue","statementMap":{"0":{"start":{"line":1,"column":0},"end":{"line":1,"column":null}}},"fnMap":{"0":{"name":"(anonymous_0)","decl":{"start":{"line":1,"column":0},"end":{"line":1,"column":null}},"loc":{"start":{"line":1,"column":0},"end":{"line":1,"column":null}}}},"branchMap":{},"s":{"0":3},"f":{"0":0},"b":{}}
,"/home/pac/codes/vue2-ecommerce/src/components/products/ProductDetail.vue": {"path":"/home/pac/codes/vue2-ecommerce/src/components/products/ProductDetail.vue","statementMap":{"0":{"start":{"line":1,"column":0},"end":{"line":1,"column":null}}},"fnMap":{"0":{"name":"(anonymous_0)","decl":{"start":{"line":1,"column":0},"end":{"line":1,"column":null}},"loc":{"start":{"line":1,"column":0},"end":{"line":1,"column":null}}}},"branchMap":{},"s":{"0":3},"f":{"0":0},"b":{}}
,"/home/pac/codes/vue2-ecommerce/src/components/products/ProductList.vue": {"path":"/home/pac/codes/vue2-ecommerce/src/components/products/ProductList.vue","statementMap":{"0":{"start":{"line":1,"column":0},"end":{"line":1,"column":null}}},"fnMap":{"0":{"name":"(anonymous_0)","decl":{"start":{"line":1,"column":0},"end":{"line":1,"column":null}},"loc":{"start":{"line":1,"column":0},"end":{"line":1,"column":null}}}},"branchMap":{},"s":{"0":3},"f":{"0":0},"b":{}}
,"/home/pac/codes/vue2-ecommerce/src/router/index.js": {"path":"/home/pac/codes/vue2-ecommerce/src/router/index.js","statementMap":{"0":{"start":{"line":10,"column":0},"end":{"line":10,"column":19}},"1":{"start":{"line":11,"column":15},"end":{"line":44,"column":1}},"2":{"start":{"line":46,"column":15},"end":{"line":50,"column":2}}},"fnMap":{},"branchMap":{},"s":{"0":1,"1":1,"2":1},"f":{},"b":{},"_coverageSchema":"1a1c01bbd47fc00a2c39e90264f33305004495a9","hash":"fe7045e5517069ddcafebcd76fe81a11e5a76f38"}
,"/home/pac/codes/vue2-ecommerce/src/store/actions.js": {"path":"/home/pac/codes/vue2-ecommerce/src/store/actions.js","statementMap":{"0":{"start":{"line":4,"column":2},"end":{"line":4,"column":41}},"1":{"start":{"line":7,"column":2},"end":{"line":7,"column":43}},"2":{"start":{"line":10,"column":2},"end":{"line":10,"column":46}},"3":{"start":{"line":11,"column":2},"end":{"line":11,"column":39}},"4":{"start":{"line":14,"column":2},"end":{"line":14,"column":40}},"5":{"start":{"line":17,"column":2},"end":{"line":17,"column":42}},"6":{"start":{"line":21,"column":2},"end":{"line":21,"column":49}},"7":{"start":{"line":24,"column":2},"end":{"line":24,"column":50}}},"fnMap":{"0":{"name":"(anonymous_0)","decl":{"start":{"line":2,"column":1},"end":{"line":2,"column":2}},"loc":{"start":{"line":2,"column":31},"end":{"line":5,"column":2}},"line":2},"1":{"name":"(anonymous_1)","decl":{"start":{"line":6,"column":1},"end":{"line":6,"column":2}},"loc":{"start":{"line":6,"column":33},"end":{"line":8,"column":2}},"line":6},"2":{"name":"(anonymous_2)","decl":{"start":{"line":9,"column":1},"end":{"line":9,"column":2}},"loc":{"start":{"line":9,"column":29},"end":{"line":12,"column":2}},"line":9},"3":{"name":"(anonymous_3)","decl":{"start":{"line":13,"column":1},"end":{"line":13,"column":2}},"loc":{"start":{"line":13,"column":30},"end":{"line":15,"column":2}},"line":13},"4":{"name":"(anonymous_4)","decl":{"start":{"line":16,"column":1},"end":{"line":16,"column":2}},"loc":{"start":{"line":16,"column":32},"end":{"line":18,"column":2}},"line":16},"5":{"name":"(anonymous_5)","decl":{"start":{"line":20,"column":1},"end":{"line":20,"column":2}},"loc":{"start":{"line":20,"column":16},"end":{"line":22,"column":2}},"line":20},"6":{"name":"(anonymous_6)","decl":{"start":{"line":23,"column":1},"end":{"line":23,"column":2}},"loc":{"start":{"line":23,"column":17},"end":{"line":25,"column":2}},"line":23}},"branchMap":{},"s":{"0":0,"1":0,"2":0,"3":0,"4":0,"5":0,"6":0,"7":0},"f":{"0":0,"1":0,"2":0,"3":0,"4":0,"5":0,"6":0},"b":{},"_coverageSchema":"1a1c01bbd47fc00a2c39e90264f33305004495a9","hash":"c88ba855addfa7bdf93c2eddd867b0915cf2c84b"}
,"/home/pac/codes/vue2-ecommerce/src/store/getters.js": {"path":"/home/pac/codes/vue2-ecommerce/src/store/getters.js","statementMap":{"0":{"start":{"line":3,"column":2},"end":{"line":7,"column":8}},"1":{"start":{"line":6,"column":3},"end":{"line":6,"column":30}},"2":{"start":{"line":14,"column":2},"end":{"line":14,"column":34}},"3":{"start":{"line":17,"column":2},"end":{"line":17,"column":38}},"4":{"start":{"line":18,"column":14},"end":{"line":22,"column":14}},"5":{"start":{"line":20,"column":4},"end":{"line":20,"column":47}},"6":{"start":{"line":25,"column":2},"end":{"line":25,"column":13}},"7":{"start":{"line":28,"column":2},"end":{"line":28,"column":27}},"8":{"start":{"line":32,"column":16},"end":{"line":34,"column":4}},"9":{"start":{"line":33,"column":3},"end":{"line":33,"column":32}},"10":{"start":{"line":35,"column":2},"end":{"line":35,"column":37}},"11":{"start":{"line":37,"column":12},"end":{"line":37,"column":13}},"12":{"start":{"line":38,"column":2},"end":{"line":42,"column":3}},"13":{"start":{"line":39,"column":3},"end":{"line":39,"column":40}},"14":{"start":{"line":41,"column":3},"end":{"line":41,"column":11}},"15":{"start":{"line":43,"column":2},"end":{"line":43,"column":13}},"16":{"start":{"line":47,"column":2},"end":{"line":47,"column":26}},"17":{"start":{"line":51,"column":2},"end":{"line":51,"column":28}},"18":{"start":{"line":54,"column":2},"end":{"line":54,"column":30}}},"fnMap":{"0":{"name":"(anonymous_0)","decl":{"start":{"line":2,"column":1},"end":{"line":2,"column":2}},"loc":{"start":{"line":2,"column":22},"end":{"line":10,"column":2}},"line":2},"1":{"name":"(anonymous_1)","decl":{"start":{"line":3,"column":34},"end":{"line":3,"column":35}},"loc":{"start":{"line":3,"column":52},"end":{"line":7,"column":3}},"line":3},"2":{"name":"(anonymous_2)","decl":{"start":{"line":13,"column":1},"end":{"line":13,"column":2}},"loc":{"start":{"line":13,"column":25},"end":{"line":15,"column":2}},"line":13},"3":{"name":"(anonymous_3)","decl":{"start":{"line":16,"column":1},"end":{"line":16,"column":2}},"loc":{"start":{"line":16,"column":20},"end":{"line":26,"column":2}},"line":16},"4":{"name":"(anonymous_4)","decl":{"start":{"line":19,"column":11},"end":{"line":19,"column":12}},"loc":{"start":{"line":19,"column":29},"end":{"line":21,"column":4}},"line":19},"5":{"name":"(anonymous_5)","decl":{"start":{"line":27,"column":1},"end":{"line":27,"column":2}},"loc":{"start":{"line":27,"column":21},"end":{"line":29,"column":2}},"line":27},"6":{"name":"(anonymous_6)","decl":{"start":{"line":31,"column":1},"end":{"line":31,"column":2}},"loc":{"start":{"line":31,"column":28},"end":{"line":44,"column":2}},"line":31},"7":{"name":"(anonymous_7)","decl":{"start":{"line":32,"column":44},"end":{"line":32,"column":45}},"loc":{"start":{"line":32,"column":53},"end":{"line":34,"column":3}},"line":32},"8":{"name":"(anonymous_8)","decl":{"start":{"line":46,"column":1},"end":{"line":46,"column":2}},"loc":{"start":{"line":46,"column":19},"end":{"line":48,"column":2}},"line":46},"9":{"name":"(anonymous_9)","decl":{"start":{"line":49,"column":1},"end":{"line":49,"column":2}},"loc":{"start":{"line":49,"column":20},"end":{"line":52,"column":2}},"line":49},"10":{"name":"(anonymous_10)","decl":{"start":{"line":53,"column":1},"end":{"line":53,"column":2}},"loc":{"start":{"line":53,"column":26},"end":{"line":55,"column":2}},"line":53}},"branchMap":{"0":{"loc":{"start":{"line":38,"column":2},"end":{"line":42,"column":3}},"type":"if","locations":[{"start":{"line":38,"column":2},"end":{"line":42,"column":3}},{"start":{"line":40,"column":9},"end":{"line":42,"column":3}}],"line":38}},"s":{"0":3,"1":2,"2":3,"3":0,"4":0,"5":0,"6":0,"7":0,"8":0,"9":0,"10":0,"11":0,"12":0,"13":0,"14":0,"15":0,"16":0,"17":1,"18":0},"f":{"0":3,"1":2,"2":3,"3":0,"4":0,"5":0,"6":0,"7":0,"8":0,"9":1,"10":0},"b":{"0":[0,0]},"_coverageSchema":"1a1c01bbd47fc00a2c39e90264f33305004495a9","hash":"ef32e634de9447b64125dfc5166b4eb780d40927"}
,"/home/pac/codes/vue2-ecommerce/src/store/index.js": {"path":"/home/pac/codes/vue2-ecommerce/src/store/index.js","statementMap":{"0":{"start":{"line":8,"column":0},"end":{"line":8,"column":14}},"1":{"start":{"line":12,"column":2},"end":{"line":19,"column":4}}},"fnMap":{"0":{"name":"(anonymous_0)","decl":{"start":{"line":11,"column":1},"end":{"line":11,"column":2}},"loc":{"start":{"line":11,"column":9},"end":{"line":20,"column":2}},"line":11}},"branchMap":{},"s":{"0":1,"1":1},"f":{"0":1},"b":{},"_coverageSchema":"1a1c01bbd47fc00a2c39e90264f33305004495a9","hash":"532bc1757028355a8a8d49ff9b43409d98a41b05"}
,"/home/pac/codes/vue2-ecommerce/src/store/mutations.js": {"path":"/home/pac/codes/vue2-ecommerce/src/store/mutations.js","statementMap":{"0":{"start":{"line":4,"column":20},"end":{"line":4,"column":33}},"1":{"start":{"line":8,"column":2},"end":{"line":8,"column":25}},"2":{"start":{"line":11,"column":2},"end":{"line":11,"column":33}},"3":{"start":{"line":14,"column":2},"end":{"line":14,"column":57}},"4":{"start":{"line":15,"column":2},"end":{"line":24,"column":5}},"5":{"start":{"line":16,"column":15},"end":{"line":16,"column":43}},"6":{"start":{"line":18,"column":14},"end":{"line":18,"column":54}},"7":{"start":{"line":18,"column":37},"end":{"line":18,"column":53}},"8":{"start":{"line":19,"column":3},"end":{"line":19,"column":31}},"9":{"start":{"line":20,"column":3},"end":{"line":20,"column":33}},"10":{"start":{"line":21,"column":3},"end":{"line":21,"column":33}},"11":{"start":{"line":22,"column":3},"end":{"line":22,"column":47}},"12":{"start":{"line":23,"column":3},"end":{"line":23,"column":32}},"13":{"start":{"line":29,"column":2},"end":{"line":29,"column":31}},"14":{"start":{"line":33,"column":2},"end":{"line":33,"column":54}},"15":{"start":{"line":34,"column":19},"end":{"line":34,"column":42}},"16":{"start":{"line":36,"column":16},"end":{"line":38,"column":4}},"17":{"start":{"line":37,"column":3},"end":{"line":37,"column":32}},"18":{"start":{"line":43,"column":2},"end":{"line":43,"column":42}},"19":{"start":{"line":44,"column":2},"end":{"line":55,"column":3}},"20":{"start":{"line":46,"column":16},"end":{"line":46,"column":42}},"21":{"start":{"line":47,"column":3},"end":{"line":47,"column":25}},"22":{"start":{"line":48,"column":3},"end":{"line":48,"column":35}},"23":{"start":{"line":49,"column":3},"end":{"line":49,"column":61}},"24":{"start":{"line":50,"column":3},"end":{"line":50,"column":30}},"25":{"start":{"line":52,"column":3},"end":{"line":52,"column":21}},"26":{"start":{"line":54,"column":3},"end":{"line":54,"column":35}},"27":{"start":{"line":58,"column":13},"end":{"line":58,"column":20}},"28":{"start":{"line":60,"column":21},"end":{"line":60,"column":46}},"29":{"start":{"line":61,"column":13},"end":{"line":66,"column":3}},"30":{"start":{"line":68,"column":2},"end":{"line":77,"column":3}},"31":{"start":{"line":69,"column":13},"end":{"line":74,"column":6}},"32":{"start":{"line":71,"column":19},"end":{"line":71,"column":48}},"33":{"start":{"line":73,"column":5},"end":{"line":73,"column":14}},"34":{"start":{"line":80,"column":2},"end":{"line":80,"column":55}},"35":{"start":{"line":81,"column":19},"end":{"line":81,"column":42}},"36":{"start":{"line":82,"column":16},"end":{"line":84,"column":4}},"37":{"start":{"line":83,"column":3},"end":{"line":83,"column":32}},"38":{"start":{"line":86,"column":2},"end":{"line":104,"column":3}},"39":{"start":{"line":87,"column":16},"end":{"line":87,"column":42}},"40":{"start":{"line":88,"column":3},"end":{"line":88,"column":25}},"41":{"start":{"line":89,"column":3},"end":{"line":89,"column":35}},"42":{"start":{"line":90,"column":3},"end":{"line":90,"column":61}},"43":{"start":{"line":91,"column":3},"end":{"line":91,"column":30}},"44":{"start":{"line":93,"column":3},"end":{"line":95,"column":4}},"45":{"start":{"line":94,"column":4},"end":{"line":94,"column":39}},"46":{"start":{"line":102,"column":3},"end":{"line":102,"column":38}},"47":{"start":{"line":107,"column":13},"end":{"line":107,"column":20}},"48":{"start":{"line":108,"column":21},"end":{"line":108,"column":72}},"49":{"start":{"line":109,"column":2},"end":{"line":113,"column":3}},"50":{"start":{"line":110,"column":13},"end":{"line":110,"column":42}},"51":{"start":{"line":112,"column":3},"end":{"line":112,"column":56}}},"fnMap":{"0":{"name":"(anonymous_0)","decl":{"start":{"line":7,"column":1},"end":{"line":7,"column":2}},"loc":{"start":{"line":7,"column":32},"end":{"line":9,"column":2}},"line":7},"1":{"name":"(anonymous_1)","decl":{"start":{"line":10,"column":1},"end":{"line":10,"column":2}},"loc":{"start":{"line":10,"column":30},"end":{"line":12,"column":2}},"line":10},"2":{"name":"(anonymous_2)","decl":{"start":{"line":13,"column":1},"end":{"line":13,"column":2}},"loc":{"start":{"line":13,"column":38},"end":{"line":25,"column":2}},"line":13},"3":{"name":"(anonymous_3)","decl":{"start":{"line":15,"column":31},"end":{"line":15,"column":32}},"loc":{"start":{"line":15,"column":44},"end":{"line":24,"column":3}},"line":15},"4":{"name":"(anonymous_4)","decl":{"start":{"line":18,"column":27},"end":{"line":18,"column":28}},"loc":{"start":{"line":18,"column":37},"end":{"line":18,"column":53}},"line":18},"5":{"name":"(anonymous_5)","decl":{"start":{"line":27,"column":1},"end":{"line":27,"column":2}},"loc":{"start":{"line":27,"column":29},"end":{"line":30,"column":2}},"line":27},"6":{"name":"(anonymous_6)","decl":{"start":{"line":32,"column":1},"end":{"line":32,"column":2}},"loc":{"start":{"line":32,"column":33},"end":{"line":78,"column":2}},"line":32},"7":{"name":"(anonymous_7)","decl":{"start":{"line":36,"column":44},"end":{"line":36,"column":45}},"loc":{"start":{"line":36,"column":53},"end":{"line":38,"column":3}},"line":36},"8":{"name":"(anonymous_8)","decl":{"start":{"line":71,"column":10},"end":{"line":71,"column":11}},"loc":{"start":{"line":71,"column":19},"end":{"line":71,"column":48}},"line":71},"9":{"name":"(anonymous_9)","decl":{"start":{"line":72,"column":11},"end":{"line":72,"column":12}},"loc":{"start":{"line":72,"column":22},"end":{"line":74,"column":5}},"line":72},"10":{"name":"(anonymous_10)","decl":{"start":{"line":79,"column":1},"end":{"line":79,"column":2}},"loc":{"start":{"line":79,"column":34},"end":{"line":114,"column":2}},"line":79},"11":{"name":"(anonymous_11)","decl":{"start":{"line":82,"column":44},"end":{"line":82,"column":45}},"loc":{"start":{"line":82,"column":53},"end":{"line":84,"column":3}},"line":82}},"branchMap":{"0":{"loc":{"start":{"line":44,"column":2},"end":{"line":55,"column":3}},"type":"if","locations":[{"start":{"line":44,"column":2},"end":{"line":55,"column":3}},{"start":{"line":51,"column":9},"end":{"line":55,"column":3}}],"line":44},"1":{"loc":{"start":{"line":86,"column":2},"end":{"line":104,"column":3}},"type":"if","locations":[{"start":{"line":86,"column":2},"end":{"line":104,"column":3}},{"start":{"line":100,"column":9},"end":{"line":104,"column":3}}],"line":86},"2":{"loc":{"start":{"line":93,"column":3},"end":{"line":95,"column":4}},"type":"if","locations":[{"start":{"line":93,"column":3},"end":{"line":95,"column":4}},{"start":{},"end":{}}],"line":93}},"s":{"0":2,"1":1,"2":0,"3":0,"4":0,"5":0,"6":0,"7":0,"8":0,"9":0,"10":0,"11":0,"12":0,"13":0,"14":2,"15":2,"16":2,"17":1,"18":2,"19":2,"20":1,"21":1,"22":1,"23":1,"24":1,"25":1,"26":1,"27":2,"28":2,"29":2,"30":2,"31":2,"32":0,"33":0,"34":0,"35":0,"36":0,"37":0,"38":0,"39":0,"40":0,"41":0,"42":0,"43":0,"44":0,"45":0,"46":0,"47":0,"48":0,"49":0,"50":0,"51":0},"f":{"0":1,"1":0,"2":0,"3":0,"4":0,"5":0,"6":2,"7":1,"8":0,"9":0,"10":0,"11":0},"b":{"0":[1,1],"1":[0,0],"2":[0,0]},"_coverageSchema":"1a1c01bbd47fc00a2c39e90264f33305004495a9","hash":"cf7d626dcb3ccb0ab5a167264326113682bb7b35"}
,"/home/pac/codes/vue2-ecommerce/src/store/login/game.js": {"path":"/home/pac/codes/vue2-ecommerce/src/store/login/game.js","statementMap":{"0":{"start":{"line":1,"column":14},"end":{"line":5,"column":1}},"1":{"start":{"line":7,"column":18},"end":{"line":21,"column":1}},"2":{"start":{"line":9,"column":2},"end":{"line":9,"column":23}},"3":{"start":{"line":12,"column":2},"end":{"line":12,"column":23}},"4":{"start":{"line":15,"column":2},"end":{"line":15,"column":25}},"5":{"start":{"line":18,"column":2},"end":{"line":18,"column":24}},"6":{"start":{"line":19,"column":2},"end":{"line":19,"column":25}},"7":{"start":{"line":23,"column":16},"end":{"line":39,"column":1}},"8":{"start":{"line":41,"column":16},"end":{"line":43,"column":1}},"9":{"start":{"line":42,"column":24},"end":{"line":42,"column":45}},"10":{"start":{"line":45,"column":20},"end":{"line":51,"column":1}}},"fnMap":{"0":{"name":"(anonymous_0)","decl":{"start":{"line":8,"column":1},"end":{"line":8,"column":2}},"loc":{"start":{"line":8,"column":24},"end":{"line":10,"column":2}},"line":8},"1":{"name":"(anonymous_1)","decl":{"start":{"line":11,"column":1},"end":{"line":11,"column":2}},"loc":{"start":{"line":11,"column":24},"end":{"line":13,"column":2}},"line":11},"2":{"name":"(anonymous_2)","decl":{"start":{"line":14,"column":1},"end":{"line":14,"column":2}},"loc":{"start":{"line":14,"column":26},"end":{"line":16,"column":2}},"line":14},"3":{"name":"(anonymous_3)","decl":{"start":{"line":17,"column":1},"end":{"line":17,"column":2}},"loc":{"start":{"line":17,"column":24},"end":{"line":20,"column":2}},"line":17},"4":{"name":"(anonymous_4)","decl":{"start":{"line":42,"column":13},"end":{"line":42,"column":14}},"loc":{"start":{"line":42,"column":24},"end":{"line":42,"column":45}},"line":42}},"branchMap":{},"s":{"0":0,"1":0,"2":0,"3":0,"4":0,"5":0,"6":0,"7":0,"8":0,"9":0,"10":0},"f":{"0":0,"1":0,"2":0,"3":0,"4":0},"b":{}}
,"/home/pac/codes/vue2-ecommerce/src/utils/CommonMixin.js": {"path":"/home/pac/codes/vue2-ecommerce/src/utils/CommonMixin.js","statementMap":{"0":{"start":{"line":8,"column":20},"end":{"line":8,"column":24}},"1":{"start":{"line":9,"column":21},"end":{"line":18,"column":2}},"2":{"start":{"line":10,"column":2},"end":{"line":17,"column":3}},"3":{"start":{"line":11,"column":3},"end":{"line":11,"column":40}},"4":{"start":{"line":12,"column":14},"end":{"line":12,"column":31}},"5":{"start":{"line":13,"column":3},"end":{"line":13,"column":38}},"6":{"start":{"line":14,"column":3},"end":{"line":14,"column":19}},"7":{"start":{"line":16,"column":3},"end":{"line":16,"column":22}},"8":{"start":{"line":20,"column":1},"end":{"line":20,"column":33}}},"fnMap":{"0":{"name":"(anonymous_0)","decl":{"start":{"line":7,"column":15},"end":{"line":7,"column":16}},"loc":{"start":{"line":7,"column":27},"end":{"line":22,"column":1}},"line":7},"1":{"name":"(anonymous_1)","decl":{"start":{"line":9,"column":21},"end":{"line":9,"column":22}},"loc":{"start":{"line":9,"column":43},"end":{"line":18,"column":2}},"line":9}},"branchMap":{},"s":{"0":3,"1":3,"2":0,"3":0,"4":0,"5":0,"6":0,"7":0,"8":3},"f":{"0":3,"1":0},"b":{},"_coverageSchema":"1a1c01bbd47fc00a2c39e90264f33305004495a9","hash":"8fbb90dc12003f9a35a995b5912ce77c7aee1b76"}
}
